#
# There is insufficient memory for the Java Runtime Environment to continue.
# Native memory allocation (malloc) failed to allocate 818736 bytes. Error detail: Chunk::new
# Possible reasons:
#   The system is out of physical RAM or swap space
#   This process is running with CompressedOops enabled, and the Java Heap may be blocking the growth of the native heap
# Possible solutions:
#   Reduce memory load on the system
#   Increase physical memory or swap space
#   Check if swap backing store is full
#   Decrease Java heap size (-Xmx/-Xms)
#   Decrease number of Java threads
#   Decrease Java thread stack sizes (-Xss)
#   Set larger code cache with -XX:ReservedCodeCacheSize=
#   JVM is running with Unscaled Compressed Oops mode in which the Java heap is
#     placed in the first 4GB address space. The Java Heap base address is the
#     maximum limit for the native heap growth. Please use -XX:HeapBaseMinAddress
#     to set the Java Heap base and to place the Java Heap above 4GB virtual address.
# This output file may be truncated or incomplete.
#
#  Out of Memory Error (arena.cpp:168), pid=12544, tid=12224
#
# JRE version: OpenJDK Runtime Environment Temurin-21.0.6+7 (21.0.6+7) (build 21.0.6+7-LTS)
# Java VM: OpenJDK 64-Bit Server VM Temurin-21.0.6+7 (21.0.6+7-LTS, mixed mode, sharing, tiered, compressed oops, compressed class ptrs, parallel gc, windows-amd64)
# No core dump will be written. Minidumps are not enabled by default on client versions of Windows
#

---------------  S U M M A R Y ------------

Command Line: --add-modules=ALL-SYSTEM --add-opens=java.base/java.util=ALL-UNNAMED --add-opens=java.base/java.lang=ALL-UNNAMED --add-opens=java.base/sun.nio.fs=ALL-UNNAMED -Declipse.application=org.eclipse.jdt.ls.core.id1 -Dosgi.bundles.defaultStartLevel=4 -Declipse.product=org.eclipse.jdt.ls.core.product -Djava.import.generatesMetadataFilesAtProjectRoot=false -DDetectVMInstallationsJob.disabled=true -Dfile.encoding=utf8 -XX:+UseParallelGC -XX:GCTimeRatio=4 -XX:AdaptiveSizePolicyWeight=90 -Dsun.zip.disableMemoryMapping=true -Xmx1G -Xms100m -Xlog:disable -javaagent:c:\Users\saina\.vscode\extensions\redhat.java-1.41.1-win32-x64\lombok\lombok-1.18.36.jar c:\Users\saina\.vscode\extensions\redhat.java-1.41.1-win32-x64\server\plugins\org.eclipse.equinox.launcher_1.7.0.v20250331-1702.jar -configuration c:\Users\saina\AppData\Roaming\Code\User\globalStorage\redhat.java\1.41.1\config_ss_win -data c:\Users\saina\AppData\Roaming\Code\User\workspaceStorage\6b1922b578cced804dc90df413686de8\redhat.java\ss_ws --pipe=\\.\pipe\lsp-364961c6bf455d3d2824d4cacea2f8c4-sock

Host: AMD Ryzen 5 5500U with Radeon Graphics         , 12 cores, 5G,  Windows 11 , 64 bit Build 22621 (10.0.22621.5262)
Time: Sat May  3 10:52:27 2025 Central Daylight Time elapsed time: 5.899705 seconds (0d 0h 0m 5s)

---------------  T H R E A D  ---------------

Current thread (0x000001fafdbb9440):  JavaThread "C2 CompilerThread1" daemon [_thread_in_native, id=12224, stack(0x0000006070100000,0x0000006070200000) (1024K)]


Current CompileTask:
C2:5899 2901       4       org.lombokweb.asm.ClassReader::readMethod (1070 bytes)

Stack: [0x0000006070100000,0x0000006070200000]
Native frames: (J=compiled Java code, j=interpreted, Vv=VM code, C=native code)
V  [jvm.dll+0x6cdee9]
V  [jvm.dll+0x8a83d1]
V  [jvm.dll+0x8aa8fe]
V  [jvm.dll+0x8aafe3]
V  [jvm.dll+0x27f706]
V  [jvm.dll+0xc500d]
V  [jvm.dll+0xc5543]
V  [jvm.dll+0x2f2acd]
V  [jvm.dll+0x5f6a2a]
V  [jvm.dll+0x250bb2]
V  [jvm.dll+0x250f6f]
V  [jvm.dll+0x249834]
V  [jvm.dll+0x246ec4]
V  [jvm.dll+0x1c75ee]
V  [jvm.dll+0x25685a]
V  [jvm.dll+0x254dfa]
V  [jvm.dll+0x3f0256]
V  [jvm.dll+0x851f8b]
V  [jvm.dll+0x6cc5ed]
C  [ucrtbase.dll+0x29333]
C  [KERNEL32.DLL+0x1259d]
C  [ntdll.dll+0x5af58]


---------------  P R O C E S S  ---------------

Threads class SMR info:
_java_thread_list=0x000001fafde43bd0, length=24, elements={
0x000001faa51cd1f0, 0x000001fafc6744b0, 0x000001fab95bb5f0, 0x000001fab95be7f0,
0x000001fafc677810, 0x000001fafc679ea0, 0x000001fafc680ab0, 0x000001fafc686630,
0x000001fafc687170, 0x000001fafc7377b0, 0x000001fafc9b9890, 0x000001fafd1e8d80,
0x000001fafcff6f60, 0x000001fafcff75c0, 0x000001fafce72430, 0x000001fafce5b2a0,
0x000001fafd47f7f0, 0x000001fafd691ed0, 0x000001fafd55ee90, 0x000001fafd54fd60,
0x000001fafdbb9440, 0x000001fafd5503f0, 0x000001fafdf670c0, 0x000001fafd5517a0
}

Java Threads: ( => current thread )
  0x000001faa51cd1f0 JavaThread "main"                              [_thread_blocked, id=31212, stack(0x000000606e100000,0x000000606e200000) (1024K)]
  0x000001fafc6744b0 JavaThread "Reference Handler"          daemon [_thread_blocked, id=20036, stack(0x000000606e500000,0x000000606e600000) (1024K)]
  0x000001fab95bb5f0 JavaThread "Finalizer"                  daemon [_thread_blocked, id=19220, stack(0x000000606e600000,0x000000606e700000) (1024K)]
  0x000001fab95be7f0 JavaThread "Signal Dispatcher"          daemon [_thread_blocked, id=24200, stack(0x000000606e700000,0x000000606e800000) (1024K)]
  0x000001fafc677810 JavaThread "Attach Listener"            daemon [_thread_blocked, id=14620, stack(0x000000606e800000,0x000000606e900000) (1024K)]
  0x000001fafc679ea0 JavaThread "Service Thread"             daemon [_thread_blocked, id=5520, stack(0x000000606e900000,0x000000606ea00000) (1024K)]
  0x000001fafc680ab0 JavaThread "Monitor Deflation Thread"   daemon [_thread_blocked, id=6644, stack(0x000000606ea00000,0x000000606eb00000) (1024K)]
  0x000001fafc686630 JavaThread "C2 CompilerThread0"         daemon [_thread_in_native, id=23980, stack(0x000000606eb00000,0x000000606ec00000) (1024K)]
  0x000001fafc687170 JavaThread "C1 CompilerThread0"         daemon [_thread_blocked, id=11764, stack(0x000000606ec00000,0x000000606ed00000) (1024K)]
  0x000001fafc7377b0 JavaThread "Common-Cleaner"             daemon [_thread_blocked, id=30744, stack(0x000000606ed00000,0x000000606ee00000) (1024K)]
  0x000001fafc9b9890 JavaThread "Notification Thread"        daemon [_thread_blocked, id=7856, stack(0x000000606ee00000,0x000000606ef00000) (1024K)]
  0x000001fafd1e8d80 JavaThread "Active Thread: Equinox Container: 74ae82c5-ad88-4761-a294-5cc251abb27e"        [_thread_blocked, id=31352, stack(0x000000606f500000,0x000000606f600000) (1024K)]
  0x000001fafcff6f60 JavaThread "Framework Event Dispatcher: Equinox Container: 74ae82c5-ad88-4761-a294-5cc251abb27e" daemon [_thread_blocked, id=31192, stack(0x000000606f600000,0x000000606f700000) (1024K)]
  0x000001fafcff75c0 JavaThread "Start Level: Equinox Container: 74ae82c5-ad88-4761-a294-5cc251abb27e" daemon [_thread_in_native, id=31196, stack(0x000000606f700000,0x000000606f800000) (1024K)]
  0x000001fafce72430 JavaThread "SCR Component Actor"        daemon [_thread_blocked, id=31056, stack(0x000000606f800000,0x000000606f900000) (1024K)]
  0x000001fafce5b2a0 JavaThread "SCR Component Registry"     daemon [_thread_blocked, id=31180, stack(0x000000606fa00000,0x000000606fb00000) (1024K)]
  0x000001fafd47f7f0 JavaThread "Worker-JM"                         [_thread_blocked, id=31612, stack(0x000000606fb00000,0x000000606fc00000) (1024K)]
  0x000001fafd691ed0 JavaThread "JNA Cleaner"                daemon [_thread_blocked, id=30588, stack(0x000000606fc00000,0x000000606fd00000) (1024K)]
  0x000001fafd55ee90 JavaThread "Worker-0"                          [_thread_blocked, id=30772, stack(0x000000606ff00000,0x0000006070000000) (1024K)]
  0x000001fafd54fd60 JavaThread "Worker-1"                          [_thread_blocked, id=11436, stack(0x0000006070000000,0x0000006070100000) (1024K)]
=>0x000001fafdbb9440 JavaThread "C2 CompilerThread1"         daemon [_thread_in_native, id=12224, stack(0x0000006070100000,0x0000006070200000) (1024K)]
  0x000001fafd5503f0 JavaThread "Worker-2"                          [_thread_blocked, id=31120, stack(0x0000006070200000,0x0000006070300000) (1024K)]
  0x000001fafdf670c0 JavaThread "C2 CompilerThread2"         daemon [_thread_in_native, id=18232, stack(0x0000006070300000,0x0000006070400000) (1024K)]
  0x000001fafd5517a0 JavaThread "Java indexing"              daemon [_thread_blocked, id=4304, stack(0x0000006070400000,0x0000006070500000) (1024K)]
Total: 24

Other Threads:
  0x000001fab95a4590 VMThread "VM Thread"                           [id=3916, stack(0x000000606e400000,0x000000606e500000) (1024K)]
  0x000001faa5236890 WatcherThread "VM Periodic Task Thread"        [id=28544, stack(0x000000606e300000,0x000000606e400000) (1024K)]
  0x000001faa51eb440 WorkerThread "GC Thread#0"                     [id=30844, stack(0x000000606e200000,0x000000606e300000) (1024K)]
  0x000001fafcaf6eb0 WorkerThread "GC Thread#1"                     [id=30820, stack(0x000000606ef00000,0x000000606f000000) (1024K)]
  0x000001fafcd7a3b0 WorkerThread "GC Thread#2"                     [id=31304, stack(0x000000606f000000,0x000000606f100000) (1024K)]
  0x000001fafcd7a750 WorkerThread "GC Thread#3"                     [id=30760, stack(0x000000606f100000,0x000000606f200000) (1024K)]
  0x000001fafcd7aaf0 WorkerThread "GC Thread#4"                     [id=31240, stack(0x000000606f200000,0x000000606f300000) (1024K)]
  0x000001fafcdaf030 WorkerThread "GC Thread#5"                     [id=31236, stack(0x000000606f300000,0x000000606f400000) (1024K)]
  0x000001fafd14d5f0 WorkerThread "GC Thread#6"                     [id=31232, stack(0x000000606f400000,0x000000606f500000) (1024K)]
  0x000001fafce72a90 WorkerThread "GC Thread#7"                     [id=31200, stack(0x000000606f900000,0x000000606fa00000) (1024K)]
  0x000001fafd9fc850 WorkerThread "GC Thread#8"                     [id=31704, stack(0x000000606fd00000,0x000000606fe00000) (1024K)]
  0x000001fafd63f390 WorkerThread "GC Thread#9"                     [id=31368, stack(0x000000606fe00000,0x000000606ff00000) (1024K)]
Total: 12

Threads with active compile tasks:
C2 CompilerThread0  6024 3007       4       jdk.internal.module.SystemModuleFinders$SystemModuleReader::find (59 bytes)
C2 CompilerThread1  6024 2901       4       org.lombokweb.asm.ClassReader::readMethod (1070 bytes)
C2 CompilerThread2  6024 3008       4       jdk.internal.module.SystemModuleFinders$SystemModuleReader::containsImageLocation (42 bytes)
Total: 3

VM state: not at safepoint (normal execution)

VM Mutex/Monitor currently owned by a thread: None

Heap address: 0x00000000c0000000, size: 1024 MB, Compressed Oops mode: 32-bit

CDS archive(s) mapped at: [0x000001faba000000-0x000001fababa0000-0x000001fababa0000), size 12189696, SharedBaseAddress: 0x000001faba000000, ArchiveRelocationMode: 1.
Compressed class space mapped at: 0x000001fabb000000-0x000001fafb000000, reserved size: 1073741824
Narrow klass base: 0x000001faba000000, Narrow klass shift: 0, Narrow klass range: 0x100000000

GC Precious Log:
 CardTable entry size: 512
 CPUs: 12 total, 12 available
 Memory: 5989M
 Large Page Support: Disabled
 NUMA Support: Disabled
 Compressed Oops: Enabled (32-bit)
 Alignments: Space 512K, Generation 512K, Heap 2M
 Heap Min Capacity: 100M
 Heap Initial Capacity: 100M
 Heap Max Capacity: 1G
 Pre-touch: Disabled
 Parallel Workers: 10

Heap:
 PSYoungGen      total 27136K, used 2624K [0x00000000eab00000, 0x00000000eca00000, 0x0000000100000000)
  eden space 24576K, 0% used [0x00000000eab00000,0x00000000eab3b478,0x00000000ec300000)
  from space 2560K, 93% used [0x00000000ec380000,0x00000000ec5d4cf0,0x00000000ec600000)
  to   space 3584K, 0% used [0x00000000ec680000,0x00000000ec680000,0x00000000eca00000)
 ParOldGen       total 68608K, used 8980K [0x00000000c0000000, 0x00000000c4300000, 0x00000000eab00000)
  object space 68608K, 13% used [0x00000000c0000000,0x00000000c08c50a0,0x00000000c4300000)
 Metaspace       used 22990K, committed 23616K, reserved 1114112K
  class space    used 2121K, committed 2368K, reserved 1048576K

Card table byte_map: [0x000001faa4b70000,0x000001faa4d80000] _byte_map_base: 0x000001faa4570000

Marking Bits: (ParMarkBitMap*) 0x00007ffb29f13260
 Begin Bits: [0x000001fab73c0000, 0x000001fab83c0000)
 End Bits:   [0x000001fab83c0000, 0x000001fab93c0000)

Polling page: 0x000001faa2fe0000

Metaspace:

Usage:
  Non-class:     20.38 MB used.
      Class:      2.07 MB used.
       Both:     22.45 MB used.

Virtual space:
  Non-class space:       64.00 MB reserved,      20.75 MB ( 32%) committed,  1 nodes.
      Class space:        1.00 GB reserved,       2.31 MB ( <1%) committed,  1 nodes.
             Both:        1.06 GB reserved,      23.06 MB (  2%) committed. 

Chunk freelists:
   Non-Class:  11.23 MB
       Class:  13.50 MB
        Both:  24.74 MB

MaxMetaspaceSize: unlimited
CompressedClassSpaceSize: 1.00 GB
Initial GC threshold: 21.00 MB
Current GC threshold: 35.00 MB
CDS: on
 - commit_granule_bytes: 65536.
 - commit_granule_words: 8192.
 - virtual_space_node_default_size: 8388608.
 - enlarge_chunks_in_place: 1.
 - use_allocation_guard: 0.


Internal statistics:

num_allocs_failed_limit: 3.
num_arena_births: 484.
num_arena_deaths: 14.
num_vsnodes_births: 2.
num_vsnodes_deaths: 0.
num_space_committed: 369.
num_space_uncommitted: 0.
num_chunks_returned_to_freelist: 17.
num_chunks_taken_from_freelist: 1329.
num_chunk_merges: 9.
num_chunk_splits: 897.
num_chunks_enlarged: 583.
num_inconsistent_stats: 0.

CodeHeap 'non-profiled nmethods': size=120000Kb used=1262Kb max_used=1262Kb free=118737Kb
 bounds [0x000001faafe90000, 0x000001fab0100000, 0x000001fab73c0000]
CodeHeap 'profiled nmethods': size=120000Kb used=6024Kb max_used=6024Kb free=113975Kb
 bounds [0x000001faa83c0000, 0x000001faa89b0000, 0x000001faaf8f0000]
CodeHeap 'non-nmethods': size=5760Kb used=1323Kb max_used=1343Kb free=4436Kb
 bounds [0x000001faaf8f0000, 0x000001faafb60000, 0x000001faafe90000]
 total_blobs=3660 nmethods=3054 adapters=512
 compilation: enabled
              stopped_count=0, restarted_count=0
 full_count=0

Compilation events (20 events):
Event: 5.821 Thread 0x000001fafc687170 3028       3       java.lang.invoke.LambdaForm$MH/0x000001fabb16c400::invoke (39 bytes)
Event: 5.822 Thread 0x000001fafc687170 nmethod 3028 0x000001faa8997b90 code [0x000001faa8997de0, 0x000001faa8998aa0]
Event: 5.823 Thread 0x000001fafc687170 3033       3       jdk.internal.misc.Unsafe::putReferenceOpaque (9 bytes)
Event: 5.823 Thread 0x000001fafc687170 nmethod 3033 0x000001faa8998e10 code [0x000001faa8998fa0, 0x000001faa89990d0]
Event: 5.824 Thread 0x000001fafc687170 3034       3       java.util.concurrent.locks.LockSupport::setBlocker (12 bytes)
Event: 5.825 Thread 0x000001fafc687170 nmethod 3034 0x000001faa8999190 code [0x000001faa8999340, 0x000001faa8999548]
Event: 5.852 Thread 0x000001fafc687170 3035       2       java.util.Arrays::copyOf (40 bytes)
Event: 5.853 Thread 0x000001fafc687170 nmethod 3035 0x000001faa8999610 code [0x000001faa89997e0, 0x000001faa8999be0]
Event: 5.853 Thread 0x000001fafc687170 3036       3       com.sun.org.apache.xerces.internal.util.PropertyState::isExceptional (8 bytes)
Event: 5.853 Thread 0x000001fafc687170 nmethod 3036 0x000001faa8999d90 code [0x000001faa8999f20, 0x000001faa899a058]
Event: 5.853 Thread 0x000001fafc687170 3037       3       com.sun.org.apache.xerces.internal.parsers.XML11Configuration::getPropertyState (23 bytes)
Event: 5.854 Thread 0x000001fafc687170 nmethod 3037 0x000001faa899a110 code [0x000001faa899a340, 0x000001faa899abf8]
Event: 5.854 Thread 0x000001fafc687170 3038       3       com.sun.org.apache.xerces.internal.util.ParserConfigurationSettings::getPropertyState (35 bytes)
Event: 5.854 Thread 0x000001fafc687170 nmethod 3038 0x000001faa899af10 code [0x000001faa899b100, 0x000001faa899b698]
Event: 5.884 Thread 0x000001fafc687170 3039       3       com.sun.org.apache.xerces.internal.impl.XMLEntityScanner::skipSpaces (362 bytes)
Event: 5.886 Thread 0x000001fafc687170 nmethod 3039 0x000001faa899b890 code [0x000001faa899bb20, 0x000001faa899c628]
Event: 5.886 Thread 0x000001fafc687170 3040       3       com.sun.org.apache.xerces.internal.utils.XMLSecurityManager::isOverLimit (10 bytes)
Event: 5.886 Thread 0x000001fafc687170 nmethod 3040 0x000001faa899ca90 code [0x000001faa899cc40, 0x000001faa899cda0]
Event: 5.886 Thread 0x000001fafc687170 3041       3       com.sun.org.apache.xerces.internal.utils.XMLSecurityManager::isOverLimit (111 bytes)
Event: 5.887 Thread 0x000001fafc687170 nmethod 3041 0x000001faa899ce90 code [0x000001faa899d0a0, 0x000001faa899d670]

GC Heap History (14 events):
Event: 1.653 GC heap before
{Heap before GC invocations=1 (full 0):
 PSYoungGen      total 29696K, used 25600K [0x00000000eab00000, 0x00000000ecc00000, 0x0000000100000000)
  eden space 25600K, 100% used [0x00000000eab00000,0x00000000ec400000,0x00000000ec400000)
  from space 4096K, 0% used [0x00000000ec800000,0x00000000ec800000,0x00000000ecc00000)
  to   space 4096K, 0% used [0x00000000ec400000,0x00000000ec400000,0x00000000ec800000)
 ParOldGen       total 68608K, used 0K [0x00000000c0000000, 0x00000000c4300000, 0x00000000eab00000)
  object space 68608K, 0% used [0x00000000c0000000,0x00000000c0000000,0x00000000c4300000)
 Metaspace       used 4336K, committed 4544K, reserved 1114112K
  class space    used 438K, committed 512K, reserved 1048576K
}
Event: 1.670 GC heap after
{Heap after GC invocations=1 (full 0):
 PSYoungGen      total 29696K, used 3189K [0x00000000eab00000, 0x00000000ecc00000, 0x0000000100000000)
  eden space 25600K, 0% used [0x00000000eab00000,0x00000000eab00000,0x00000000ec400000)
  from space 4096K, 77% used [0x00000000ec400000,0x00000000ec71d7e0,0x00000000ec800000)
  to   space 4096K, 0% used [0x00000000ec800000,0x00000000ec800000,0x00000000ecc00000)
 ParOldGen       total 68608K, used 16K [0x00000000c0000000, 0x00000000c4300000, 0x00000000eab00000)
  object space 68608K, 0% used [0x00000000c0000000,0x00000000c0004000,0x00000000c4300000)
 Metaspace       used 4336K, committed 4544K, reserved 1114112K
  class space    used 438K, committed 512K, reserved 1048576K
}
Event: 2.582 GC heap before
{Heap before GC invocations=2 (full 0):
 PSYoungGen      total 29696K, used 28789K [0x00000000eab00000, 0x00000000ecc00000, 0x0000000100000000)
  eden space 25600K, 100% used [0x00000000eab00000,0x00000000ec400000,0x00000000ec400000)
  from space 4096K, 77% used [0x00000000ec400000,0x00000000ec71d7e0,0x00000000ec800000)
  to   space 4096K, 0% used [0x00000000ec800000,0x00000000ec800000,0x00000000ecc00000)
 ParOldGen       total 68608K, used 16K [0x00000000c0000000, 0x00000000c4300000, 0x00000000eab00000)
  object space 68608K, 0% used [0x00000000c0000000,0x00000000c0004000,0x00000000c4300000)
 Metaspace       used 8085K, committed 8384K, reserved 1114112K
  class space    used 803K, committed 960K, reserved 1048576K
}
Event: 2.589 GC heap after
{Heap after GC invocations=2 (full 0):
 PSYoungGen      total 29696K, used 4090K [0x00000000eab00000, 0x00000000ecc00000, 0x0000000100000000)
  eden space 25600K, 0% used [0x00000000eab00000,0x00000000eab00000,0x00000000ec400000)
  from space 4096K, 99% used [0x00000000ec800000,0x00000000ecbfe938,0x00000000ecc00000)
  to   space 4096K, 0% used [0x00000000ec400000,0x00000000ec400000,0x00000000ec800000)
 ParOldGen       total 68608K, used 827K [0x00000000c0000000, 0x00000000c4300000, 0x00000000eab00000)
  object space 68608K, 1% used [0x00000000c0000000,0x00000000c00ceeb8,0x00000000c4300000)
 Metaspace       used 8085K, committed 8384K, reserved 1114112K
  class space    used 803K, committed 960K, reserved 1048576K
}
Event: 3.477 GC heap before
{Heap before GC invocations=3 (full 0):
 PSYoungGen      total 29696K, used 29690K [0x00000000eab00000, 0x00000000ecc00000, 0x0000000100000000)
  eden space 25600K, 100% used [0x00000000eab00000,0x00000000ec400000,0x00000000ec400000)
  from space 4096K, 99% used [0x00000000ec800000,0x00000000ecbfe938,0x00000000ecc00000)
  to   space 4096K, 0% used [0x00000000ec400000,0x00000000ec400000,0x00000000ec800000)
 ParOldGen       total 68608K, used 827K [0x00000000c0000000, 0x00000000c4300000, 0x00000000eab00000)
  object space 68608K, 1% used [0x00000000c0000000,0x00000000c00ceeb8,0x00000000c4300000)
 Metaspace       used 12851K, committed 13376K, reserved 1114112K
  class space    used 1296K, committed 1536K, reserved 1048576K
}
Event: 3.484 GC heap after
{Heap after GC invocations=3 (full 0):
 PSYoungGen      total 29696K, used 4092K [0x00000000eab00000, 0x00000000ecc00000, 0x0000000100000000)
  eden space 25600K, 0% used [0x00000000eab00000,0x00000000eab00000,0x00000000ec400000)
  from space 4096K, 99% used [0x00000000ec400000,0x00000000ec7ff300,0x00000000ec800000)
  to   space 4096K, 0% used [0x00000000ec800000,0x00000000ec800000,0x00000000ecc00000)
 ParOldGen       total 68608K, used 2710K [0x00000000c0000000, 0x00000000c4300000, 0x00000000eab00000)
  object space 68608K, 3% used [0x00000000c0000000,0x00000000c02a59f0,0x00000000c4300000)
 Metaspace       used 12851K, committed 13376K, reserved 1114112K
  class space    used 1296K, committed 1536K, reserved 1048576K
}
Event: 5.007 GC heap before
{Heap before GC invocations=4 (full 0):
 PSYoungGen      total 29696K, used 29692K [0x00000000eab00000, 0x00000000ecc00000, 0x0000000100000000)
  eden space 25600K, 100% used [0x00000000eab00000,0x00000000ec400000,0x00000000ec400000)
  from space 4096K, 99% used [0x00000000ec400000,0x00000000ec7ff300,0x00000000ec800000)
  to   space 4096K, 0% used [0x00000000ec800000,0x00000000ec800000,0x00000000ecc00000)
 ParOldGen       total 68608K, used 2710K [0x00000000c0000000, 0x00000000c4300000, 0x00000000eab00000)
  object space 68608K, 3% used [0x00000000c0000000,0x00000000c02a59f0,0x00000000c4300000)
 Metaspace       used 16943K, committed 17600K, reserved 1114112K
  class space    used 1693K, committed 1984K, reserved 1048576K
}
Event: 5.011 GC heap after
{Heap after GC invocations=4 (full 0):
 PSYoungGen      total 29696K, used 4089K [0x00000000eab00000, 0x00000000ecc00000, 0x0000000100000000)
  eden space 25600K, 0% used [0x00000000eab00000,0x00000000eab00000,0x00000000ec400000)
  from space 4096K, 99% used [0x00000000ec800000,0x00000000ecbfe640,0x00000000ecc00000)
  to   space 4096K, 0% used [0x00000000ec400000,0x00000000ec400000,0x00000000ec800000)
 ParOldGen       total 68608K, used 4637K [0x00000000c0000000, 0x00000000c4300000, 0x00000000eab00000)
  object space 68608K, 6% used [0x00000000c0000000,0x00000000c0487748,0x00000000c4300000)
 Metaspace       used 16943K, committed 17600K, reserved 1114112K
  class space    used 1693K, committed 1984K, reserved 1048576K
}
Event: 5.342 GC heap before
{Heap before GC invocations=5 (full 0):
 PSYoungGen      total 29696K, used 29689K [0x00000000eab00000, 0x00000000ecc00000, 0x0000000100000000)
  eden space 25600K, 100% used [0x00000000eab00000,0x00000000ec400000,0x00000000ec400000)
  from space 4096K, 99% used [0x00000000ec800000,0x00000000ecbfe640,0x00000000ecc00000)
  to   space 4096K, 0% used [0x00000000ec400000,0x00000000ec400000,0x00000000ec800000)
 ParOldGen       total 68608K, used 4637K [0x00000000c0000000, 0x00000000c4300000, 0x00000000eab00000)
  object space 68608K, 6% used [0x00000000c0000000,0x00000000c0487748,0x00000000c4300000)
 Metaspace       used 19797K, committed 20416K, reserved 1114112K
  class space    used 1874K, committed 2112K, reserved 1048576K
}
Event: 5.345 GC heap after
{Heap after GC invocations=5 (full 0):
 PSYoungGen      total 29184K, used 4080K [0x00000000eab00000, 0x00000000ecd80000, 0x0000000100000000)
  eden space 25088K, 0% used [0x00000000eab00000,0x00000000eab00000,0x00000000ec380000)
  from space 4096K, 99% used [0x00000000ec400000,0x00000000ec7fc230,0x00000000ec800000)
  to   space 5120K, 0% used [0x00000000ec880000,0x00000000ec880000,0x00000000ecd80000)
 ParOldGen       total 68608K, used 5116K [0x00000000c0000000, 0x00000000c4300000, 0x00000000eab00000)
  object space 68608K, 7% used [0x00000000c0000000,0x00000000c04ff320,0x00000000c4300000)
 Metaspace       used 19797K, committed 20416K, reserved 1114112K
  class space    used 1874K, committed 2112K, reserved 1048576K
}
Event: 5.437 GC heap before
{Heap before GC invocations=6 (full 0):
 PSYoungGen      total 29184K, used 12894K [0x00000000eab00000, 0x00000000ecd80000, 0x0000000100000000)
  eden space 25088K, 35% used [0x00000000eab00000,0x00000000eb39b658,0x00000000ec380000)
  from space 4096K, 99% used [0x00000000ec400000,0x00000000ec7fc230,0x00000000ec800000)
  to   space 5120K, 0% used [0x00000000ec880000,0x00000000ec880000,0x00000000ecd80000)
 ParOldGen       total 68608K, used 5116K [0x00000000c0000000, 0x00000000c4300000, 0x00000000eab00000)
  object space 68608K, 7% used [0x00000000c0000000,0x00000000c04ff320,0x00000000c4300000)
 Metaspace       used 20853K, committed 21504K, reserved 1114112K
  class space    used 1947K, committed 2240K, reserved 1048576K
}
Event: 5.441 GC heap after
{Heap after GC invocations=6 (full 0):
 PSYoungGen      total 30208K, used 4557K [0x00000000eab00000, 0x00000000ecd80000, 0x0000000100000000)
  eden space 25088K, 0% used [0x00000000eab00000,0x00000000eab00000,0x00000000ec380000)
  from space 5120K, 89% used [0x00000000ec880000,0x00000000eccf37c8,0x00000000ecd80000)
  to   space 5120K, 0% used [0x00000000ec380000,0x00000000ec380000,0x00000000ec880000)
 ParOldGen       total 68608K, used 5124K [0x00000000c0000000, 0x00000000c4300000, 0x00000000eab00000)
  object space 68608K, 7% used [0x00000000c0000000,0x00000000c0501320,0x00000000c4300000)
 Metaspace       used 20853K, committed 21504K, reserved 1114112K
  class space    used 1947K, committed 2240K, reserved 1048576K
}
Event: 5.441 GC heap before
{Heap before GC invocations=7 (full 1):
 PSYoungGen      total 30208K, used 4557K [0x00000000eab00000, 0x00000000ecd80000, 0x0000000100000000)
  eden space 25088K, 0% used [0x00000000eab00000,0x00000000eab00000,0x00000000ec380000)
  from space 5120K, 89% used [0x00000000ec880000,0x00000000eccf37c8,0x00000000ecd80000)
  to   space 5120K, 0% used [0x00000000ec380000,0x00000000ec380000,0x00000000ec880000)
 ParOldGen       total 68608K, used 5124K [0x00000000c0000000, 0x00000000c4300000, 0x00000000eab00000)
  object space 68608K, 7% used [0x00000000c0000000,0x00000000c0501320,0x00000000c4300000)
 Metaspace       used 20853K, committed 21504K, reserved 1114112K
  class space    used 1947K, committed 2240K, reserved 1048576K
}
Event: 5.469 GC heap after
{Heap after GC invocations=7 (full 1):
 PSYoungGen      total 30208K, used 0K [0x00000000eab00000, 0x00000000ecd80000, 0x0000000100000000)
  eden space 25088K, 0% used [0x00000000eab00000,0x00000000eab00000,0x00000000ec380000)
  from space 5120K, 0% used [0x00000000ec880000,0x00000000ec880000,0x00000000ecd80000)
  to   space 5120K, 0% used [0x00000000ec380000,0x00000000ec380000,0x00000000ec880000)
 ParOldGen       total 68608K, used 8972K [0x00000000c0000000, 0x00000000c4300000, 0x00000000eab00000)
  object space 68608K, 13% used [0x00000000c0000000,0x00000000c08c30a0,0x00000000c4300000)
 Metaspace       used 20841K, committed 21504K, reserved 1114112K
  class space    used 1943K, committed 2240K, reserved 1048576K
}

Dll operation events (10 events):
Event: 0.073 Loaded shared library c:\Users\saina\.vscode\extensions\redhat.java-1.41.1-win32-x64\jre\21.0.6-win32-x86_64\bin\java.dll
Event: 0.293 Loaded shared library c:\Users\saina\.vscode\extensions\redhat.java-1.41.1-win32-x64\jre\21.0.6-win32-x86_64\bin\zip.dll
Event: 0.342 Loaded shared library C:\Users\saina\.vscode\extensions\redhat.java-1.41.1-win32-x64\jre\21.0.6-win32-x86_64\bin\instrument.dll
Event: 0.357 Loaded shared library C:\Users\saina\.vscode\extensions\redhat.java-1.41.1-win32-x64\jre\21.0.6-win32-x86_64\bin\net.dll
Event: 0.365 Loaded shared library C:\Users\saina\.vscode\extensions\redhat.java-1.41.1-win32-x64\jre\21.0.6-win32-x86_64\bin\nio.dll
Event: 0.372 Loaded shared library C:\Users\saina\.vscode\extensions\redhat.java-1.41.1-win32-x64\jre\21.0.6-win32-x86_64\bin\zip.dll
Event: 0.426 Loaded shared library C:\Users\saina\.vscode\extensions\redhat.java-1.41.1-win32-x64\jre\21.0.6-win32-x86_64\bin\jimage.dll
Event: 0.642 Loaded shared library c:\Users\saina\.vscode\extensions\redhat.java-1.41.1-win32-x64\jre\21.0.6-win32-x86_64\bin\verify.dll
Event: 2.530 Loaded shared library C:\Users\saina\AppData\Roaming\Code\User\globalStorage\redhat.java\1.41.1\config_ss_win\org.eclipse.equinox.launcher\org.eclipse.equinox.launcher.win32.win32.x86_64_1.2.1300.v20250331-1702\eclipse_11911.dll
Event: 4.734 Loaded shared library C:\Users\saina\AppData\Local\Temp\jna-109199054\jna16163655914670510102.dll

Deoptimization events (20 events):
Event: 5.762 Thread 0x000001fafcff75c0 DEOPT PACKING pc=0x000001faa84684f8 sp=0x000000606f7f78f0
Event: 5.762 Thread 0x000001fafcff75c0 DEOPT UNPACKING pc=0x000001faaf944242 sp=0x000000606f7f6dd8 mode 0
Event: 5.774 Thread 0x000001fafcff75c0 Uncommon trap: trap_request=0xffffff45 fr.pc=0x000001faaffbf650 relative=0x0000000000000f70
Event: 5.774 Thread 0x000001fafcff75c0 Uncommon trap: reason=unstable_if action=reinterpret pc=0x000001faaffbf650 method=jdk.internal.jimage.ImageStringsReader.stringFromByteBufferMatches(Ljava/nio/ByteBuffer;ILjava/lang/String;I)I @ 48 c2
Event: 5.774 Thread 0x000001fafcff75c0 DEOPT PACKING pc=0x000001faaffbf650 sp=0x000000606f7f76b0
Event: 5.774 Thread 0x000001fafcff75c0 DEOPT UNPACKING pc=0x000001faaf943aa2 sp=0x000000606f7f73e8 mode 2
Event: 5.798 Thread 0x000001fafcff75c0 DEOPT PACKING pc=0x000001faa84e5926 sp=0x000000606f7f7940
Event: 5.798 Thread 0x000001fafcff75c0 DEOPT UNPACKING pc=0x000001faaf944242 sp=0x000000606f7f6e38 mode 0
Event: 5.799 Thread 0x000001fafcff75c0 DEOPT PACKING pc=0x000001faa84e5926 sp=0x000000606f7f7940
Event: 5.799 Thread 0x000001fafcff75c0 DEOPT UNPACKING pc=0x000001faaf944242 sp=0x000000606f7f6e38 mode 0
Event: 5.799 Thread 0x000001fafcff75c0 DEOPT PACKING pc=0x000001faa84e5926 sp=0x000000606f7f7940
Event: 5.799 Thread 0x000001fafcff75c0 DEOPT UNPACKING pc=0x000001faaf944242 sp=0x000000606f7f6e38 mode 0
Event: 5.815 Thread 0x000001fafcff75c0 Uncommon trap: trap_request=0xffffffc6 fr.pc=0x000001faaff23934 relative=0x0000000000000954
Event: 5.815 Thread 0x000001fafcff75c0 Uncommon trap: reason=bimorphic_or_optimized_type_check action=maybe_recompile pc=0x000001faaff23934 method=java.util.HashMap.putVal(ILjava/lang/Object;Ljava/lang/Object;ZZ)Ljava/lang/Object; @ 56 c2
Event: 5.815 Thread 0x000001fafcff75c0 DEOPT PACKING pc=0x000001faaff23934 sp=0x000000606f7f9530
Event: 5.815 Thread 0x000001fafcff75c0 DEOPT UNPACKING pc=0x000001faaf943aa2 sp=0x000000606f7f9430 mode 2
Event: 5.815 Thread 0x000001fafcff75c0 Uncommon trap: trap_request=0xffffffc6 fr.pc=0x000001faaff23950 relative=0x0000000000000970
Event: 5.815 Thread 0x000001fafcff75c0 Uncommon trap: reason=bimorphic_or_optimized_type_check action=maybe_recompile pc=0x000001faaff23950 method=java.util.HashMap.putVal(ILjava/lang/Object;Ljava/lang/Object;ZZ)Ljava/lang/Object; @ 253 c2
Event: 5.815 Thread 0x000001fafcff75c0 DEOPT PACKING pc=0x000001faaff23950 sp=0x000000606f7f9480
Event: 5.815 Thread 0x000001fafcff75c0 DEOPT UNPACKING pc=0x000001faaf943aa2 sp=0x000000606f7f93a8 mode 2

Classes loaded (20 events):
Event: 5.886 Loading class com/sun/org/apache/xerces/internal/dom/DeepNodeListImpl
Event: 5.889 Loading class com/sun/org/apache/xerces/internal/dom/DeepNodeListImpl done
Event: 5.889 Loading class com/sun/org/apache/xerces/internal/dom/DeferredTextImpl
Event: 5.890 Loading class com/sun/org/apache/xerces/internal/dom/TextImpl
Event: 5.890 Loading class org/w3c/dom/CharacterData
Event: 5.890 Loading class org/w3c/dom/CharacterData done
Event: 5.890 Loading class org/w3c/dom/Text
Event: 5.890 Loading class org/w3c/dom/Text done
Event: 5.890 Loading class com/sun/org/apache/xerces/internal/dom/CharacterDataImpl
Event: 5.890 Loading class com/sun/org/apache/xerces/internal/dom/CharacterDataImpl done
Event: 5.890 Loading class com/sun/org/apache/xerces/internal/dom/TextImpl done
Event: 5.890 Loading class com/sun/org/apache/xerces/internal/dom/DeferredTextImpl done
Event: 5.891 Loading class com/sun/org/apache/xerces/internal/dom/CharacterDataImpl$1
Event: 5.891 Loading class com/sun/org/apache/xerces/internal/dom/CharacterDataImpl$1 done
Event: 5.891 Loading class com/sun/org/apache/xerces/internal/dom/AttributeMap
Event: 5.891 Loading class com/sun/org/apache/xerces/internal/dom/NamedNodeMapImpl
Event: 5.891 Loading class org/w3c/dom/NamedNodeMap
Event: 5.891 Loading class org/w3c/dom/NamedNodeMap done
Event: 5.892 Loading class com/sun/org/apache/xerces/internal/dom/NamedNodeMapImpl done
Event: 5.892 Loading class com/sun/org/apache/xerces/internal/dom/AttributeMap done

Classes unloaded (7 events):
Event: 5.446 Thread 0x000001fab95a4590 Unloading class 0x000001fabb187400 'java/lang/invoke/LambdaForm$MH+0x000001fabb187400'
Event: 5.446 Thread 0x000001fab95a4590 Unloading class 0x000001fabb187000 'java/lang/invoke/LambdaForm$MH+0x000001fabb187000'
Event: 5.446 Thread 0x000001fab95a4590 Unloading class 0x000001fabb186c00 'java/lang/invoke/LambdaForm$MH+0x000001fabb186c00'
Event: 5.446 Thread 0x000001fab95a4590 Unloading class 0x000001fabb186800 'java/lang/invoke/LambdaForm$MH+0x000001fabb186800'
Event: 5.446 Thread 0x000001fab95a4590 Unloading class 0x000001fabb186400 'java/lang/invoke/LambdaForm$BMH+0x000001fabb186400'
Event: 5.446 Thread 0x000001fab95a4590 Unloading class 0x000001fabb186000 'java/lang/invoke/LambdaForm$DMH+0x000001fabb186000'
Event: 5.446 Thread 0x000001fab95a4590 Unloading class 0x000001fabb184c00 'java/lang/invoke/LambdaForm$DMH+0x000001fabb184c00'

Classes redefined (0 events):
No events

Internal exceptions (20 events):
Event: 4.763 Thread 0x000001fafcff75c0 Exception <a 'java/lang/NoSuchMethodError'{0x00000000eb917910}: 'int java.lang.invoke.Invokers$Holder.invokeExact_MT(java.lang.Object, java.lang.Object, java.lang.Object)'> (0x00000000eb917910) 
thrown [s\src\hotspot\share\interpreter\linkResolver.cpp, line 773]
Event: 4.783 Thread 0x000001fafcff75c0 Exception <a 'java/lang/NoSuchMethodError'{0x00000000eba2a9f8}: 'void java.lang.invoke.Invokers$Holder.invokeExact_MT(java.lang.Object, java.lang.Object, int, java.lang.Object)'> (0x00000000eba2a9f8) 
thrown [s\src\hotspot\share\interpreter\linkResolver.cpp, line 773]
Event: 4.806 Thread 0x000001fafcff75c0 Exception <a 'java/lang/NoSuchMethodError'{0x00000000ebb13320}: 'java.lang.Object java.lang.invoke.DirectMethodHandle$Holder.invokeSpecial(java.lang.Object, java.lang.Object, java.lang.Object, long, java.lang.Object)'> (0x00000000ebb13320) 
thrown [s\src\hotspot\share\interpreter\linkResolver.cpp, line 773]
Event: 4.806 Thread 0x000001fafcff75c0 Exception <a 'java/lang/NoSuchMethodError'{0x00000000ebb1aab0}: 'java.lang.Object java.lang.invoke.DirectMethodHandle$Holder.newInvokeSpecial(java.lang.Object, java.lang.Object, java.lang.Object, long)'> (0x00000000ebb1aab0) 
thrown [s\src\hotspot\share\interpreter\linkResolver.cpp, line 773]
Event: 4.807 Thread 0x000001fafcff75c0 Exception <a 'java/lang/NoSuchMethodError'{0x00000000ebb1e730}: 'java.lang.Object java.lang.invoke.Invokers$Holder.linkToTargetMethod(java.lang.Object, java.lang.Object, long, java.lang.Object)'> (0x00000000ebb1e730) 
thrown [s\src\hotspot\share\interpreter\linkResolver.cpp, line 773]
Event: 4.819 Thread 0x000001fafcff75c0 Exception <a 'java/lang/NoSuchMethodError'{0x00000000ebb972b8}: 'int java.lang.invoke.DirectMethodHandle$Holder.invokeStaticInit(java.lang.Object, java.lang.Object, java.lang.Object)'> (0x00000000ebb972b8) 
thrown [s\src\hotspot\share\interpreter\linkResolver.cpp, line 773]
Event: 4.838 Thread 0x000001fafcff75c0 Exception <a 'java/lang/IncompatibleClassChangeError'{0x00000000ebc23e30}: Found class java.lang.Object, but interface was expected> (0x00000000ebc23e30) 
thrown [s\src\hotspot\share\interpreter\linkResolver.cpp, line 840]
Event: 4.847 Thread 0x000001fafcff75c0 Exception <a 'java/lang/NoSuchMethodError'{0x00000000ebc3e610}: 'java.lang.Object java.lang.invoke.DirectMethodHandle$Holder.invokeSpecial(java.lang.Object, java.lang.Object, java.lang.Object, int, java.lang.Object, java.lang.Object)'> (0x00000000ebc3e610) 
thrown [s\src\hotspot\share\interpreter\linkResolver.cpp, line 773]
Event: 4.848 Thread 0x000001fafcff75c0 Exception <a 'java/lang/NoSuchMethodError'{0x00000000ebc45f20}: 'java.lang.Object java.lang.invoke.DirectMethodHandle$Holder.newInvokeSpecial(java.lang.Object, java.lang.Object, java.lang.Object, int, java.lang.Object)'> (0x00000000ebc45f20) 
thrown [s\src\hotspot\share\interpreter\linkResolver.cpp, line 773]
Event: 4.849 Thread 0x000001fafcff75c0 Exception <a 'java/lang/NoSuchMethodError'{0x00000000ebc49a10}: 'java.lang.Object java.lang.invoke.Invokers$Holder.linkToTargetMethod(java.lang.Object, java.lang.Object, int, java.lang.Object, java.lang.Object)'> (0x00000000ebc49a10) 
thrown [s\src\hotspot\share\interpreter\linkResolver.cpp, line 773]
Event: 4.849 Thread 0x000001fafd55ee90 Exception <a 'java/lang/NoSuchMethodError'{0x00000000ebb62ae0}: 'java.lang.Object java.lang.invoke.DirectMethodHandle$Holder.invokeSpecial(java.lang.Object, java.lang.Object, int, java.lang.Object, java.lang.Object)'> (0x00000000ebb62ae0) 
thrown [s\src\hotspot\share\interpreter\linkResolver.cpp, line 773]
Event: 4.850 Thread 0x000001fafd55ee90 Exception <a 'java/lang/NoSuchMethodError'{0x00000000ebb69818}: 'java.lang.Object java.lang.invoke.DirectMethodHandle$Holder.newInvokeSpecial(java.lang.Object, java.lang.Object, int, java.lang.Object)'> (0x00000000ebb69818) 
thrown [s\src\hotspot\share\interpreter\linkResolver.cpp, line 773]
Event: 4.868 Thread 0x000001fafcff75c0 Exception <a 'java/lang/NoSuchMethodError'{0x00000000ebd3ffb0}: 'void java.lang.invoke.DirectMethodHandle$Holder.invokeSpecial(java.lang.Object, java.lang.Object, java.lang.Object, java.lang.Object, java.lang.Object)'> (0x00000000ebd3ffb0) 
thrown [s\src\hotspot\share\interpreter\linkResolver.cpp, line 773]
Event: 4.880 Thread 0x000001fafd55ee90 Exception <a 'java/lang/NoSuchMethodError'{0x00000000ebdebc80}: 'java.lang.Object java.lang.invoke.DirectMethodHandle$Holder.newInvokeSpecial(java.lang.Object, java.lang.Object, java.lang.Object, java.lang.Object, java.lang.Object)'> (0x00000000ebdebc80) 
thrown [s\src\hotspot\share\interpreter\linkResolver.cpp, line 773]
Event: 4.911 Thread 0x000001fafcff75c0 Exception <a 'java/lang/NoSuchMethodError'{0x00000000ebf893d8}: 'double java.lang.invoke.DirectMethodHandle$Holder.invokeStatic(java.lang.Object, java.lang.Object)'> (0x00000000ebf893d8) 
thrown [s\src\hotspot\share\interpreter\linkResolver.cpp, line 773]
Event: 4.912 Thread 0x000001fafcff75c0 Exception <a 'java/lang/NoSuchMethodError'{0x00000000ebf8ca98}: 'double java.lang.invoke.DirectMethodHandle$Holder.invokeStaticInit(java.lang.Object, java.lang.Object)'> (0x00000000ebf8ca98) 
thrown [s\src\hotspot\share\interpreter\linkResolver.cpp, line 773]
Event: 5.087 Thread 0x000001fafcff75c0 Exception <a 'java/io/FileNotFoundException'{0x00000000eb718b90}> (0x00000000eb718b90) 
thrown [s\src\hotspot\share\prims\jni.cpp, line 520]
Event: 5.087 Thread 0x000001fafcff75c0 Exception <a 'java/io/FileNotFoundException'{0x00000000eb7199c0}> (0x00000000eb7199c0) 
thrown [s\src\hotspot\share\prims\jni.cpp, line 520]
Event: 5.087 Thread 0x000001fafcff75c0 Exception <a 'java/io/FileNotFoundException'{0x00000000eb71a8f0}> (0x00000000eb71a8f0) 
thrown [s\src\hotspot\share\prims\jni.cpp, line 520]
Event: 5.385 Thread 0x000001fafcff75c0 Implicit null exception at 0x000001faaffad5f5 to 0x000001faaffad6d0

ZGC Phase Switch (0 events):
No events

VM Operations (20 events):
Event: 3.477 Executing VM operation: ParallelGCFailedAllocation (Allocation Failure)
Event: 3.484 Executing VM operation: ParallelGCFailedAllocation (Allocation Failure) done
Event: 3.668 Executing VM operation: HandshakeAllThreads (Deoptimize)
Event: 3.668 Executing VM operation: HandshakeAllThreads (Deoptimize) done
Event: 3.677 Executing VM operation: HandshakeAllThreads (Deoptimize)
Event: 3.677 Executing VM operation: HandshakeAllThreads (Deoptimize) done
Event: 3.698 Executing VM operation: HandshakeAllThreads (Deoptimize)
Event: 3.698 Executing VM operation: HandshakeAllThreads (Deoptimize) done
Event: 4.698 Executing VM operation: Cleanup
Event: 4.699 Executing VM operation: Cleanup done
Event: 4.746 Executing VM operation: HandshakeAllThreads (Deoptimize)
Event: 4.746 Executing VM operation: HandshakeAllThreads (Deoptimize) done
Event: 5.006 Executing VM operation: ParallelGCFailedAllocation (Allocation Failure)
Event: 5.011 Executing VM operation: ParallelGCFailedAllocation (Allocation Failure) done
Event: 5.342 Executing VM operation: ParallelGCFailedAllocation (Allocation Failure)
Event: 5.345 Executing VM operation: ParallelGCFailedAllocation (Allocation Failure) done
Event: 5.437 Executing VM operation: CollectForMetadataAllocation (Metadata GC Threshold)
Event: 5.470 Executing VM operation: CollectForMetadataAllocation (Metadata GC Threshold) done
Event: 5.783 Executing VM operation: HandshakeAllThreads (Deoptimize)
Event: 5.783 Executing VM operation: HandshakeAllThreads (Deoptimize) done

Memory protections (0 events):
No events

Nmethod flushes (0 events):
No events

Events (20 events):
Event: 0.229 Thread 0x000001faa51cd1f0 Thread added: 0x000001fafc687170
Event: 0.269 Thread 0x000001faa51cd1f0 Thread added: 0x000001fafc7377b0
Event: 0.827 Thread 0x000001faa51cd1f0 Thread added: 0x000001fafc9b9890
Event: 2.213 Thread 0x000001faa51cd1f0 Thread added: 0x000001fafd1e8d80
Event: 2.512 Thread 0x000001faa51cd1f0 Thread added: 0x000001fafcff6f60
Event: 2.521 Thread 0x000001faa51cd1f0 Thread added: 0x000001fafcff75c0
Event: 2.573 Thread 0x000001fafcff75c0 Thread added: 0x000001fafce72430
Event: 2.750 Thread 0x000001fafcff75c0 Thread added: 0x000001fafce5b2a0
Event: 3.212 Thread 0x000001fafcff75c0 Thread added: 0x000001fafd47f7f0
Event: 3.317 Thread 0x000001fafc687170 Thread added: 0x000001fafd519a60
Event: 3.631 Thread 0x000001fafd519a60 Thread exited: 0x000001fafd519a60
Event: 4.771 Thread 0x000001fafcff75c0 Thread added: 0x000001fafd691ed0
Event: 4.812 Thread 0x000001fafcff75c0 Thread added: 0x000001fafd55ee90
Event: 4.849 Thread 0x000001fafcff75c0 Thread added: 0x000001fafd54fd60
Event: 5.036 Thread 0x000001fafc687170 Thread added: 0x000001fafd586c40
Event: 5.052 Thread 0x000001fafc687170 Thread added: 0x000001fafd597ae0
Event: 5.165 Thread 0x000001fafd597ae0 Thread exited: 0x000001fafd597ae0
Event: 5.167 Thread 0x000001fafd586c40 Thread exited: 0x000001fafd586c40
Event: 5.286 Thread 0x000001fafc687170 Thread added: 0x000001fafdbb9440
Event: 5.378 Thread 0x000001fafd55ee90 Thread added: 0x000001fafd5503f0


Dynamic libraries:
0x00007ff61cea0000 - 0x00007ff61ceae000 	c:\Users\saina\.vscode\extensions\redhat.java-1.41.1-win32-x64\jre\21.0.6-win32-x86_64\bin\java.exe
0x00007ffbec770000 - 0x00007ffbec987000 	C:\Windows\SYSTEM32\ntdll.dll
0x00007ffbebfb0000 - 0x00007ffbec074000 	C:\Windows\System32\KERNEL32.DLL
0x00007ffbe9ad0000 - 0x00007ffbe9ea3000 	C:\Windows\System32\KERNELBASE.dll
0x00007ffbea020000 - 0x00007ffbea131000 	C:\Windows\System32\ucrtbase.dll
0x00007ffbd0830000 - 0x00007ffbd0848000 	c:\Users\saina\.vscode\extensions\redhat.java-1.41.1-win32-x64\jre\21.0.6-win32-x86_64\bin\jli.dll
0x00007ffbd0850000 - 0x00007ffbd086e000 	c:\Users\saina\.vscode\extensions\redhat.java-1.41.1-win32-x64\jre\21.0.6-win32-x86_64\bin\VCRUNTIME140.dll
0x00007ffbea520000 - 0x00007ffbea6d1000 	C:\Windows\System32\USER32.dll
0x00007ffbd5ff0000 - 0x00007ffbd628b000 	C:\Windows\WinSxS\amd64_microsoft.windows.common-controls_6595b64144ccf1df_6.0.22621.5262_none_2712bde373830908\COMCTL32.dll
0x00007ffbe9aa0000 - 0x00007ffbe9ac6000 	C:\Windows\System32\win32u.dll
0x00007ffbec280000 - 0x00007ffbec2a9000 	C:\Windows\System32\GDI32.dll
0x00007ffbea700000 - 0x00007ffbea7a7000 	C:\Windows\System32\msvcrt.dll
0x00007ffbea140000 - 0x00007ffbea262000 	C:\Windows\System32\gdi32full.dll
0x00007ffbea370000 - 0x00007ffbea40a000 	C:\Windows\System32\msvcp_win.dll
0x00007ffbebf70000 - 0x00007ffbebfa1000 	C:\Windows\System32\IMM32.DLL
0x00007ffbe0430000 - 0x00007ffbe043c000 	c:\Users\saina\.vscode\extensions\redhat.java-1.41.1-win32-x64\jre\21.0.6-win32-x86_64\bin\vcruntime140_1.dll
0x00007ffb66700000 - 0x00007ffb6678d000 	c:\Users\saina\.vscode\extensions\redhat.java-1.41.1-win32-x64\jre\21.0.6-win32-x86_64\bin\msvcp140.dll
0x00007ffb29260000 - 0x00007ffb29ff0000 	c:\Users\saina\.vscode\extensions\redhat.java-1.41.1-win32-x64\jre\21.0.6-win32-x86_64\bin\server\jvm.dll
0x00007ffbebeb0000 - 0x00007ffbebf61000 	C:\Windows\System32\ADVAPI32.dll
0x00007ffbea820000 - 0x00007ffbea8c7000 	C:\Windows\System32\sechost.dll
0x00007ffbe9930000 - 0x00007ffbe9958000 	C:\Windows\System32\bcrypt.dll
0x00007ffbebd90000 - 0x00007ffbebea4000 	C:\Windows\System32\RPCRT4.dll
0x00007ffbeac80000 - 0x00007ffbeacf1000 	C:\Windows\System32\WS2_32.dll
0x00007ffbe9740000 - 0x00007ffbe978d000 	C:\Windows\SYSTEM32\POWRPROF.dll
0x00007ffbe3560000 - 0x00007ffbe3594000 	C:\Windows\SYSTEM32\WINMM.dll
0x00007ffbe0610000 - 0x00007ffbe061a000 	C:\Windows\SYSTEM32\VERSION.dll
0x00007ffbe9720000 - 0x00007ffbe9733000 	C:\Windows\SYSTEM32\UMPDC.dll
0x00007ffbe8810000 - 0x00007ffbe8828000 	C:\Windows\SYSTEM32\kernel.appcore.dll
0x00007ffbd0820000 - 0x00007ffbd082a000 	c:\Users\saina\.vscode\extensions\redhat.java-1.41.1-win32-x64\jre\21.0.6-win32-x86_64\bin\jimage.dll
0x00007ffbe7390000 - 0x00007ffbe75c2000 	C:\Windows\SYSTEM32\DBGHELP.DLL
0x00007ffbea8e0000 - 0x00007ffbeac73000 	C:\Windows\System32\combase.dll
0x00007ffbeae80000 - 0x00007ffbeaf57000 	C:\Windows\System32\OLEAUT32.dll
0x00007ffbd6370000 - 0x00007ffbd63a2000 	C:\Windows\SYSTEM32\dbgcore.DLL
0x00007ffbea270000 - 0x00007ffbea2eb000 	C:\Windows\System32\bcryptPrimitives.dll
0x00007ffbd0810000 - 0x00007ffbd081f000 	c:\Users\saina\.vscode\extensions\redhat.java-1.41.1-win32-x64\jre\21.0.6-win32-x86_64\bin\instrument.dll
0x00007ffbc9730000 - 0x00007ffbc974f000 	c:\Users\saina\.vscode\extensions\redhat.java-1.41.1-win32-x64\jre\21.0.6-win32-x86_64\bin\java.dll
0x00007ffbeb0e0000 - 0x00007ffbeb97d000 	C:\Windows\System32\SHELL32.dll
0x00007ffbe9960000 - 0x00007ffbe9a9f000 	C:\Windows\System32\wintypes.dll
0x00007ffbe7760000 - 0x00007ffbe807d000 	C:\Windows\SYSTEM32\windows.storage.dll
0x00007ffbea410000 - 0x00007ffbea51b000 	C:\Windows\System32\SHCORE.dll
0x00007ffbea7b0000 - 0x00007ffbea816000 	C:\Windows\System32\shlwapi.dll
0x00007ffbe97a0000 - 0x00007ffbe97cb000 	C:\Windows\SYSTEM32\profapi.dll
0x00007ffbba530000 - 0x00007ffbba548000 	c:\Users\saina\.vscode\extensions\redhat.java-1.41.1-win32-x64\jre\21.0.6-win32-x86_64\bin\zip.dll
0x00007ffbc1b90000 - 0x00007ffbc1ba0000 	C:\Users\saina\.vscode\extensions\redhat.java-1.41.1-win32-x64\jre\21.0.6-win32-x86_64\bin\net.dll
0x00007ffbe4460000 - 0x00007ffbe458c000 	C:\Windows\SYSTEM32\WINHTTP.dll
0x00007ffbe8ce0000 - 0x00007ffbe8d4a000 	C:\Windows\system32\mswsock.dll
0x00007ffb8bff0000 - 0x00007ffb8c006000 	C:\Users\saina\.vscode\extensions\redhat.java-1.41.1-win32-x64\jre\21.0.6-win32-x86_64\bin\nio.dll
0x00007ffbb92f0000 - 0x00007ffbb9300000 	c:\Users\saina\.vscode\extensions\redhat.java-1.41.1-win32-x64\jre\21.0.6-win32-x86_64\bin\verify.dll
0x00007ffbd9a10000 - 0x00007ffbd9a55000 	C:\Users\saina\AppData\Roaming\Code\User\globalStorage\redhat.java\1.41.1\config_ss_win\org.eclipse.equinox.launcher\org.eclipse.equinox.launcher.win32.win32.x86_64_1.2.1300.v20250331-1702\eclipse_11911.dll
0x00007ffbebbe0000 - 0x00007ffbebd81000 	C:\Windows\System32\ole32.dll
0x00007ffbe8f10000 - 0x00007ffbe8f2b000 	C:\Windows\SYSTEM32\CRYPTSP.dll
0x00007ffbe87d0000 - 0x00007ffbe8807000 	C:\Windows\system32\rsaenh.dll
0x00007ffbe8d90000 - 0x00007ffbe8db8000 	C:\Windows\SYSTEM32\USERENV.dll
0x00007ffbe8f30000 - 0x00007ffbe8f3c000 	C:\Windows\SYSTEM32\CRYPTBASE.dll
0x00007ffbe82e0000 - 0x00007ffbe830d000 	C:\Windows\SYSTEM32\IPHLPAPI.DLL
0x00007ffbeaf60000 - 0x00007ffbeaf69000 	C:\Windows\System32\NSI.dll
0x00007ffbb4eb0000 - 0x00007ffbb4ef9000 	C:\Users\saina\AppData\Local\Temp\jna-109199054\jna16163655914670510102.dll
0x00007ffbec1e0000 - 0x00007ffbec1e8000 	C:\Windows\System32\PSAPI.DLL

dbghelp: loaded successfully - version: 4.0.5 - missing functions: none
symbol engine: initialized successfully - sym options: 0x614 - pdb path: .;c:\Users\saina\.vscode\extensions\redhat.java-1.41.1-win32-x64\jre\21.0.6-win32-x86_64\bin;C:\Windows\SYSTEM32;C:\Windows\WinSxS\amd64_microsoft.windows.common-controls_6595b64144ccf1df_6.0.22621.5262_none_2712bde373830908;c:\Users\saina\.vscode\extensions\redhat.java-1.41.1-win32-x64\jre\21.0.6-win32-x86_64\bin\server;C:\Users\saina\AppData\Roaming\Code\User\globalStorage\redhat.java\1.41.1\config_ss_win\org.eclipse.equinox.launcher\org.eclipse.equinox.launcher.win32.win32.x86_64_1.2.1300.v20250331-1702;C:\Users\saina\AppData\Local\Temp\jna-109199054

VM Arguments:
jvm_args: --add-modules=ALL-SYSTEM --add-opens=java.base/java.util=ALL-UNNAMED --add-opens=java.base/java.lang=ALL-UNNAMED --add-opens=java.base/sun.nio.fs=ALL-UNNAMED -Declipse.application=org.eclipse.jdt.ls.core.id1 -Dosgi.bundles.defaultStartLevel=4 -Declipse.product=org.eclipse.jdt.ls.core.product -Djava.import.generatesMetadataFilesAtProjectRoot=false -DDetectVMInstallationsJob.disabled=true -Dfile.encoding=utf8 -XX:+UseParallelGC -XX:GCTimeRatio=4 -XX:AdaptiveSizePolicyWeight=90 -Dsun.zip.disableMemoryMapping=true -Xmx1G -Xms100m -Xlog:disable -javaagent:c:\Users\saina\.vscode\extensions\redhat.java-1.41.1-win32-x64\lombok\lombok-1.18.36.jar 
java_command: c:\Users\saina\.vscode\extensions\redhat.java-1.41.1-win32-x64\server\plugins\org.eclipse.equinox.launcher_1.7.0.v20250331-1702.jar -configuration c:\Users\saina\AppData\Roaming\Code\User\globalStorage\redhat.java\1.41.1\config_ss_win -data c:\Users\saina\AppData\Roaming\Code\User\workspaceStorage\6b1922b578cced804dc90df413686de8\redhat.java\ss_ws --pipe=\\.\pipe\lsp-364961c6bf455d3d2824d4cacea2f8c4-sock
java_class_path (initial): c:\Users\saina\.vscode\extensions\redhat.java-1.41.1-win32-x64\server\plugins\org.eclipse.equinox.launcher_1.7.0.v20250331-1702.jar
Launcher Type: SUN_STANDARD

[Global flags]
    uintx AdaptiveSizePolicyWeight                 = 90                                        {product} {command line}
     intx CICompilerCount                          = 4                                         {product} {ergonomic}
    uintx GCTimeRatio                              = 4                                         {product} {command line}
   size_t InitialHeapSize                          = 104857600                                 {product} {command line}
   size_t MaxHeapSize                              = 1073741824                                {product} {command line}
   size_t MaxNewSize                               = 357564416                                 {product} {ergonomic}
   size_t MinHeapDeltaBytes                        = 524288                                    {product} {ergonomic}
   size_t MinHeapSize                              = 104857600                                 {product} {command line}
   size_t NewSize                                  = 34603008                                  {product} {ergonomic}
    uintx NonNMethodCodeHeapSize                   = 5839372                                {pd product} {ergonomic}
    uintx NonProfiledCodeHeapSize                  = 122909434                              {pd product} {ergonomic}
   size_t OldSize                                  = 70254592                                  {product} {ergonomic}
    uintx ProfiledCodeHeapSize                     = 122909434                              {pd product} {ergonomic}
    uintx ReservedCodeCacheSize                    = 251658240                              {pd product} {ergonomic}
     bool SegmentedCodeCache                       = true                                      {product} {ergonomic}
   size_t SoftMaxHeapSize                          = 1073741824                             {manageable} {ergonomic}
     bool UseCompressedOops                        = true                           {product lp64_product} {ergonomic}
     bool UseLargePagesIndividualAllocation        = false                                  {pd product} {ergonomic}
     bool UseParallelGC                            = true                                      {product} {command line}

Logging:
Log output configuration:
 #0: stdout all=off uptime,level,tags foldmultilines=false
 #1: stderr all=off uptime,level,tags foldmultilines=false

Environment Variables:
PATH=C:\Program Files\Common Files\Oracle\Java\javapath;C:\Windows\system32;C:\Windows;C:\Windows\System32\Wbem;C:\Windows\System32\WindowsPowerShell\v1.0\;C:\Windows\System32\OpenSSH\;C:\apache-maven-3.9.6\bin;C:\Program Files\Amazon\AWSCLIV2\;C:\ProgramData\chocolatey\bin;C:\Users\saina\OneDrive\Desktop\terraform_1.8.4_windows_amd64;C:\Program Files\Git\cmd;C:\Program Files\Java\jdk-11\bin;C:\Program Files\nodejs\;C:\Program Files\PuTTY\;C:\Users\saina\AppData\Local\Programs\Python\Python312\Scripts\;C:\Users\saina\AppData\Local\Programs\Python\Python312\;C:\Users\saina\AppData\Local\Programs\Python\Launcher\;C:\Users\saina\AppData\Local\Microsoft\WindowsApps;C:\Users\saina\AppData\Local\Programs\Microsoft VS Code\bin;C:\Users\saina\AppData\Roaming\npm
USERNAME=saina
OS=Windows_NT
PROCESSOR_IDENTIFIER=AMD64 Family 23 Model 104 Stepping 1, AuthenticAMD
TMP=C:\Users\saina\AppData\Local\Temp
TEMP=C:\Users\saina\AppData\Local\Temp




Periodic native trim disabled

---------------  S Y S T E M  ---------------

OS:
 Windows 11 , 64 bit Build 22621 (10.0.22621.5262)
OS uptime: 4 days 15:14 hours
Hyper-V role detected

CPU: total 12 (initial active 12) (12 cores per cpu, 2 threads per core) family 23 model 104 stepping 1 microcode 0x0, cx8, cmov, fxsr, ht, mmx, 3dnowpref, sse, sse2, sse3, ssse3, sse4a, sse4.1, sse4.2, popcnt, lzcnt, tsc, tscinvbit, avx, avx2, aes, clmul, bmi1, bmi2, adx, sha, fma, vzeroupper, clflush, clflushopt, hv, rdtscp, rdpid, f16c
Processor Information for the first 12 processors :
  Max Mhz: 2100, Current Mhz: 2100, Mhz Limit: 2100

Memory: 4k page, system-wide physical 5989M (1079M free)
TotalPageFile size 24421M (AvailPageFile size 11M)
current process WorkingSet (physical memory assigned to process): 148M, peak: 150M
current process commit charge ("private bytes"): 256M, peak: 259M

vm_info: OpenJDK 64-Bit Server VM (21.0.6+7-LTS) for windows-amd64 JRE (21.0.6+7-LTS), built on 2025-01-21T00:00:00Z by "admin" with MS VC++ 17.7 (VS2022)

END.
